<?xml version="1.0" encoding="UTF-8" ?>
<testsuite errors="1" failures="0" hostname="XIN009OLAB14917" name="junitTestCase.JUnitClass" skipped="0" tests="1" time="160.987" timestamp="2016-07-05T17:24:48">
  <properties>
[...]
</properties>
  <testcase classname="junitTestCase.JUnitClass" name="RunTest" time="160.704">
    <error message="Unable to locate element: {&quot;method&quot;:&quot;id&quot;,&quot;selector&quot;:&quot;Continue&quot;}&#xa;Command duration or timeout: 60.04 seconds&#xa;For documentation on this error, please visit: http://seleniumhq.org/exceptions/no_such_element.html&#xa;Build info: version: &apos;2.48.2&apos;, revision: &apos;41bccdd&apos;, time: &apos;2015-10-09 19:55:52&apos;&#xa;System info: host: &apos;XIN009OLAB14917&apos;, ip: &apos;192.168.0.5&apos;, os.name: &apos;Windows 7&apos;, os.arch: &apos;amd64&apos;, os.version: &apos;6.1&apos;, java.version: &apos;1.7.0_60-ea&apos;&#xa;*** Element info: {Using=id, value=Continue}&#xa;Session ID: 2c7ba712-b974-4a91-82ce-bbd61ea078e5&#xa;Driver info: org.openqa.selenium.firefox.FirefoxDriver&#xa;Capabilities [{platform=WINDOWS, acceptSslCerts=true, javascriptEnabled=true, cssSelectorsEnabled=true, databaseEnabled=true, browserName=firefox, handlesAlerts=true, nativeEvents=false, webStorageEnabled=true, rotatable=false, locationContextEnabled=true, applicationCacheEnabled=true, takesScreenshot=true, version=38.4.0}]" type="org.openqa.selenium.NoSuchElementException">org.openqa.selenium.NoSuchElementException: Unable to locate element: {&quot;method&quot;:&quot;id&quot;,&quot;selector&quot;:&quot;Continue&quot;}
Command duration or timeout: 60.04 seconds
For documentation on this error, please visit: http://seleniumhq.org/exceptions/no_such_element.html
Build info: version: &apos;2.48.2&apos;, revision: &apos;41bccdd&apos;, time: &apos;2015-10-09 19:55:52&apos;
System info: host: &apos;XIN009OLAB14917&apos;, ip: &apos;192.168.0.5&apos;, os.name: &apos;Windows 7&apos;, os.arch: &apos;amd64&apos;, os.version: &apos;6.1&apos;, java.version: &apos;1.7.0_60-ea&apos;
*** Element info: {Using=id, value=Continue}
Session ID: 2c7ba712-b974-4a91-82ce-bbd61ea078e5
Driver info: org.openqa.selenium.firefox.FirefoxDriver
Capabilities [{platform=WINDOWS, acceptSslCerts=true, javascriptEnabled=true, cssSelectorsEnabled=true, databaseEnabled=true, browserName=firefox, handlesAlerts=true, nativeEvents=false, webStorageEnabled=true, rotatable=false, locationContextEnabled=true, applicationCacheEnabled=true, takesScreenshot=true, version=38.4.0}]
	at java.lang.reflect.Constructor.newInstance(Constructor.java:526)
	at org.openqa.selenium.remote.ErrorHandler.createThrowable(ErrorHandler.java:206)
	at org.openqa.selenium.remote.ErrorHandler.throwIfResponseFailed(ErrorHandler.java:158)
	at org.openqa.selenium.remote.RemoteWebDriver.execute(RemoteWebDriver.java:647)
	at org.openqa.selenium.remote.RemoteWebDriver.findElement(RemoteWebDriver.java:353)
	at org.openqa.selenium.remote.RemoteWebDriver.findElementById(RemoteWebDriver.java:403)
	at org.openqa.selenium.By$ById.findElement(By.java:218)
	at org.openqa.selenium.remote.RemoteWebDriver.findElement(RemoteWebDriver.java:345)
	at org.openqa.selenium.support.pagefactory.DefaultElementLocator.findElement(DefaultElementLocator.java:69)
	at org.openqa.selenium.support.pagefactory.internal.LocatingElementHandler.invoke(LocatingElementHandler.java:38)
	at com.sun.proxy.$Proxy5.click(Unknown Source)
	at businessSpecific.IFrameNavigation.getNevigationForDeTokenization(IFrameNavigation.java:834)
	at businessSpecific.ScenariosSequencing.deTokenization(ScenariosSequencing.java:513)
	at businessSpecific.TestCaseSwitchScenario.switchBasedOnScenarioName(TestCaseSwitchScenario.java:174)
	at businessSpecific.TestCaseSwitchScenario.Execute(TestCaseSwitchScenario.java:61)
	at junitTestCase.JUnitClass.RunTest(JUnitClass.java:25)
Caused by: org.openqa.selenium.NoSuchElementException: Unable to locate element: {&quot;method&quot;:&quot;id&quot;,&quot;selector&quot;:&quot;Continue&quot;}
For documentation on this error, please visit: http://seleniumhq.org/exceptions/no_such_element.html
Build info: version: &apos;2.48.2&apos;, revision: &apos;41bccdd&apos;, time: &apos;2015-10-09 19:55:52&apos;
System info: host: &apos;XIN009OLAB14917&apos;, ip: &apos;192.168.0.5&apos;, os.name: &apos;Windows 7&apos;, os.arch: &apos;amd64&apos;, os.version: &apos;6.1&apos;, java.version: &apos;1.7.0_60-ea&apos;
Driver info: driver.version: unknown
	at &lt;anonymous class&gt;.FirefoxDriver.prototype.findElementInternal_(file:///C:/Windows/Temp/anonymous6331176470774235557webdriver-profile/extensions/fxdriver@googlecode.com/components/driver-component.js:10659)
	at &lt;anonymous class&gt;.fxdriver.Timer.prototype.setTimeout/&lt;.notify(file:///C:/Windows/Temp/anonymous6331176470774235557webdriver-profile/extensions/fxdriver@googlecode.com/components/driver-component.js:621)
</error>
  </testcase>
  <system-out><![CDATA[Testing In Env : HCDE Env
##################################################

-------------------Starting Test Case:HCDE_Tokenization ----------------
--------Start Iteration---------
Sending Tokenization Request
Recieved Tokenization Response
Successfull response received
Payment was not successful.Navigated to:https://www.google.co.in/?gws_rd=cr&ei=su17V-iRL4fjvgSWuoK4Cg
-------End Iteration-------


-------------------Ended Test Case:HCDE_Tokenization ----------------



Testing In Env : HCDE Env
##################################################

-------------------Starting Test Case:HCDE_AuthorizePayment ----------------
--------Start Iteration---------
Sending AuthorizePayment Request
Recieved AuthorizePayment Response
Successfull response received
PAC Tag is verified asAUTHORIZE
PST Tag is not verified as
PRM Tag is not verified as
RCD Tag is not verified asF
Authorize Payment was not successful
-------End Iteration-------


-------------------Ended Test Case:HCDE_AuthorizePayment ----------------



Testing In Env : HCDE Env
##################################################

-------------------Starting Test Case:HCDE_VoidPayment ----------------
--------Start Iteration---------
Sending voidPayment Request
Recieved voidPayment Response
Successfull response received
RCD Tag is not verified asF
void Payment was not successful
-------End Iteration-------


-------------------Ended Test Case:HCDE_VoidPayment ----------------



Testing In Env : HCDE Env
##################################################

-------------------Starting Test Case:HCDE_DeTokenization ----------------
--------Start Iteration---------
Sending deTokenization Request
Recieved deTokenization Response
Successfull response received
]]></system-out>
  <system-err><![CDATA[]]></system-err>
</testsuite>
