<?xml version="1.0" encoding="UTF-8" ?>
<testsuites>
  <testsuite errors="0" failures="0" hostname="XIN009OLAB14917" id="0" name="JUnitClass" package="junitTestCase" skipped="0" tests="1" time="226.793" timestamp="2016-06-25T06:08:38">
      <properties>
[...]
</properties>

      <testcase classname="junitTestCase.JUnitClass" name="RunTest" time="226.616" />

      <system-out><![CDATA[Testing In Env : SystemTest1
##################################################

-------------------Starting Test Case:SubmitPaymentCPAL_NonElectronic ----------------
--------Start Iteration---------
Sending SubmitPayment Request
Recieved SubmitPayment Response
Successful Response Recieved!!!
8390349
Sending UpdatePayment Request
Recieved UpdatePayment Response
Successful Response Recieved!!!
Error Message is: Request ID : 20160625113853
Please Check the logs!!!
-------End Iteration-------


-------------------Ended Test Case:SubmitPaymentCPAL_NonElectronic ----------------



Testing In Env : SystemTest1
##################################################

-------------------Starting Test Case:SubmitPaymentCPAL_ElectronicsandnonElectronics ----------------
--------Start Iteration---------
Sending SubmitPayment Request
Recieved SubmitPayment Response
Successful Response Recieved!!!
payment made successfully
8390350
Sending UpdatePayment Request
Recieved UpdatePayment Response
Error Message is:Received an Error calling EPWF Sub Service, the order was not processed. Request ID : 20160625113954
Please Check the logs!!!
-------End Iteration-------


-------------------Ended Test Case:SubmitPaymentCPAL_ElectronicsandnonElectronics ----------------



Testing In Env : SystemTest1
##################################################

-------------------Starting Test Case:POS Refund CRIS_CARD ----------------
--------Start Iteration---------
Sending POS Request
Recieved POS Response
Successful Response Recieved!!!
pass
Sending POS Request
Recieved POS Response
Successful Response Recieved!!!
abc
paymentStatusValue = Settlement_Completed
true
-------End Iteration-------


-------------------Ended Test Case:POS Refund CRIS_CARD ----------------



Testing In Env : SystemTest1
##################################################

-------------------Starting Test Case:AutoPay_Enrollment ----------------
--------Start Iteration---------
CC_BMG
Sending Autopay Request
Recieved Autopay Response
Successful Response Recieved!!!
payment made successfully
autopay Record status is : Processed
-------End Iteration-------


-------------------Ended Test Case:AutoPay_Enrollment ----------------



Testing In Env : SystemTest1
##################################################

-------------------Starting Test Case:AutoPay_Update ----------------
--------Start Iteration---------
CC_BMG
Sending Autopay Request
Recieved Autopay Response
Successful Response Recieved!!!
payment made successfully
true
autopay Record status is : Processed
-------End Iteration-------


-------------------Ended Test Case:AutoPay_Update ----------------



Testing In Env : SystemTest1
##################################################

-------------------Starting Test Case:AutoPay_deEnrollment ----------------
--------Start Iteration---------
CC_BMG
Sending Autopay Request
Recieved Autopay Response
Successful Response Recieved!!!
autopay Record status is : Processed
-------End Iteration-------


-------------------Ended Test Case:AutoPay_deEnrollment ----------------



Testing In Env : SystemTest1
##################################################

-------------------Starting Test Case:PaymentHistoryDetails ----------------
--------Start Iteration---------
Sending PaymentHistory Request
Recieved PaymentHistory Response
Successful Response Recieved!!!
-------End Iteration-------


-------------------Ended Test Case:PaymentHistoryDetails ----------------



]]></system-out>

      <system-err><![CDATA[]]></system-err>

  </testsuite>
</testsuites>
